<?xml version="1.0" encoding="UTF-8"?>
<testng-results ignored="0" total="2" passed="2" failed="0" skipped="0">
  <reporter-output>
  </reporter-output>
  <suite started-at="2022-11-03T23:08:42 PKT" name="Default suite" finished-at="2022-11-03T23:08:45 PKT" duration-ms="2498">
    <groups>
    </groups>
    <test started-at="2022-11-03T23:08:42 PKT" name="Default test" finished-at="2022-11-03T23:08:45 PKT" duration-ms="2498">
      <class name="APITesting.TestonLocalAPI">
        <test-method signature="get()[pri:0, instance:APITesting.TestonLocalAPI@8f4ea7c]" started-at="2022-11-03T23:08:42 PKT" name="get" finished-at="2022-11-03T23:08:45 PKT" duration-ms="2352" status="PASS">
          <reporter-output>
          </reporter-output>
        </test-method> <!-- get -->
        <test-method signature="patch()[pri:0, instance:APITesting.TestonLocalAPI@8f4ea7c]" started-at="2022-11-03T23:08:45 PKT" name="patch" finished-at="2022-11-03T23:08:45 PKT" duration-ms="78" status="PASS">
          <reporter-output>
          </reporter-output>
        </test-method> <!-- patch -->
      </class> <!-- APITesting.TestonLocalAPI -->
    </test> <!-- Default test -->
  </suite> <!-- Default suite -->
</testng-results>
